<?xml version="1.0" encoding="UTF-8"?>
<!-- Generated by org.testng.reporters.JUnitXMLReporter -->
<testsuite ignored="0" hostname="LBHWDKT2" failures="1" tests="3" name="Error Validations Test" time="26.55" errors="0" timestamp="2023-09-28T14:33:49 IST">
  <testcase classname="Hybrid_Framework.Tests.ErrorValidationTest" name="LoginErrorValidation" time="1.764">
    <skipped/>
  </testcase> <!-- LoginErrorValidation -->
  <testcase classname="Hybrid_Framework.Tests.ErrorValidationTest" name="LoginErrorValidation" time="0.773">
    <failure type="java.lang.AssertionError" message="expected [Incorrect email or password.] but found [Incorrect ema or password.]">
      <![CDATA[java.lang.AssertionError: expected [Incorrect email or password.] but found [Incorrect ema or password.]
at Hybrid_Framework.Tests.ErrorValidationTest.LoginErrorValidation(ErrorValidationTest.java:25)
at java.base/java.util.ArrayList.forEach(ArrayList.java:1511)
at java.base/java.util.concurrent.FutureTask.run(FutureTask.java:264)
at java.base/java.util.concurrent.ThreadPoolExecutor.runWorker(ThreadPoolExecutor.java:1136)
at java.base/java.util.concurrent.ThreadPoolExecutor$Worker.run(ThreadPoolExecutor.java:635)
at java.base/java.lang.Thread.run(Thread.java:833)
... Removed 24 stack frames]]>
    </failure>
  </testcase> <!-- LoginErrorValidation -->
  <testcase classname="Hybrid_Framework.Tests.ErrorValidationTest" name="ProductErrorValidation" time="3.033"/>
</testsuite> <!-- Error Validations Test -->
