<?xml version="1.0" encoding="UTF-8"?>
<testng-results retried="1" ignored="0" total="6" passed="4" failed="1" skipped="0">
  <reporter-output>
  </reporter-output>
  <suite started-at="2023-09-28T14:33:23 IST" name="Suite" finished-at="2023-09-28T14:33:53 IST" duration-ms="29819">
    <groups>
      <group name="Purchase">
        <method signature="StandaloneTest2.submitOrderTestCase(java.util.HashMap)[pri:0, instance:Hybrid_Framework.Tests.StandaloneTest2@67d18ed7]" name="submitOrderTestCase" class="Hybrid_Framework.Tests.StandaloneTest2"/>
      </group> <!-- Purchase -->
      <group name="ErrorValidation">
        <method signature="ErrorValidationTest.LoginErrorValidation()[pri:0, instance:Hybrid_Framework.Tests.ErrorValidationTest@38aa816f]" name="LoginErrorValidation" class="Hybrid_Framework.Tests.ErrorValidationTest"/>
      </group> <!-- ErrorValidation -->
      <group name="Regression">
        <method signature="StandaloneTest2.submitOrderTestCase(java.util.HashMap)[pri:0, instance:Hybrid_Framework.Tests.StandaloneTest2@67d18ed7]" name="submitOrderTestCase" class="Hybrid_Framework.Tests.StandaloneTest2"/>
      </group> <!-- Regression -->
    </groups>
    <test started-at="2023-09-28T14:33:23 IST" name="Error Validations Test" finished-at="2023-09-28T14:33:49 IST" duration-ms="26550">
      <class name="Hybrid_Framework.Tests.ErrorValidationTest">
        <test-method is-config="true" signature="launchApplication()[pri:0, instance:Hybrid_Framework.Tests.ErrorValidationTest@38aa816f]" started-at="2023-09-28T14:33:23 IST" name="launchApplication" finished-at="2023-09-28T14:33:33 IST" duration-ms="10531" status="PASS">
          <reporter-output>
          </reporter-output>
        </test-method> <!-- launchApplication -->
        <test-method retried="true" signature="LoginErrorValidation()[pri:0, instance:Hybrid_Framework.Tests.ErrorValidationTest@38aa816f]" started-at="2023-09-28T14:33:33 IST" name="LoginErrorValidation" finished-at="2023-09-28T14:33:35 IST" duration-ms="1764" status="SKIP">
          <exception class="java.lang.AssertionError">
            <message>
              <![CDATA[expected [Incorrect email or password.] but found [Incorrect ema or password.]]]>
            </message>
            <full-stacktrace>
              <![CDATA[java.lang.AssertionError: expected [Incorrect email or password.] but found [Incorrect ema or password.]
at org.testng.Assert.fail(Assert.java:99)
at org.testng.Assert.failNotEquals(Assert.java:1037)
at org.testng.Assert.assertEqualsImpl(Assert.java:140)
at org.testng.Assert.assertEquals(Assert.java:122)
at org.testng.Assert.assertEquals(Assert.java:629)
at org.testng.Assert.assertEquals(Assert.java:639)
at Hybrid_Framework.Tests.ErrorValidationTest.LoginErrorValidation(ErrorValidationTest.java:25)
at java.base/jdk.internal.reflect.NativeMethodAccessorImpl.invoke0(Native Method)
at java.base/jdk.internal.reflect.NativeMethodAccessorImpl.invoke(NativeMethodAccessorImpl.java:77)
at java.base/jdk.internal.reflect.DelegatingMethodAccessorImpl.invoke(DelegatingMethodAccessorImpl.java:43)
at java.base/java.lang.reflect.Method.invoke(Method.java:568)
at org.testng.internal.MethodInvocationHelper.invokeMethod(MethodInvocationHelper.java:133)
at org.testng.internal.TestInvoker.invokeMethod(TestInvoker.java:598)
at org.testng.internal.TestInvoker.invokeTestMethod(TestInvoker.java:173)
at org.testng.internal.MethodRunner.runInSequence(MethodRunner.java:46)
at org.testng.internal.TestInvoker$MethodInvocationAgent.invoke(TestInvoker.java:824)
at org.testng.internal.TestInvoker.invokeTestMethods(TestInvoker.java:146)
at org.testng.internal.TestMethodWorker.invokeTestMethods(TestMethodWorker.java:146)
at org.testng.internal.TestMethodWorker.run(TestMethodWorker.java:128)
at java.base/java.util.ArrayList.forEach(ArrayList.java:1511)
at org.testng.TestRunner.privateRun(TestRunner.java:794)
at org.testng.TestRunner.run(TestRunner.java:596)
at org.testng.SuiteRunner.runTest(SuiteRunner.java:377)
at org.testng.SuiteRunner.access$000(SuiteRunner.java:28)
at org.testng.SuiteRunner$SuiteWorker.run(SuiteRunner.java:418)
at org.testng.internal.thread.ThreadUtil.lambda$execute$0(ThreadUtil.java:64)
at java.base/java.util.concurrent.FutureTask.run(FutureTask.java:264)
at java.base/java.util.concurrent.ThreadPoolExecutor.runWorker(ThreadPoolExecutor.java:1136)
at java.base/java.util.concurrent.ThreadPoolExecutor$Worker.run(ThreadPoolExecutor.java:635)
at java.base/java.lang.Thread.run(Thread.java:833)
]]>
            </full-stacktrace>
          </exception> <!-- java.lang.AssertionError -->
          <reporter-output>
          </reporter-output>
        </test-method> <!-- LoginErrorValidation -->
        <test-method is-config="true" signature="tearDown()[pri:0, instance:Hybrid_Framework.Tests.ErrorValidationTest@38aa816f]" started-at="2023-09-28T14:33:35 IST" name="tearDown" finished-at="2023-09-28T14:33:36 IST" duration-ms="363" status="PASS">
          <reporter-output>
          </reporter-output>
        </test-method> <!-- tearDown -->
        <test-method is-config="true" signature="launchApplication()[pri:0, instance:Hybrid_Framework.Tests.ErrorValidationTest@38aa816f]" started-at="2023-09-28T14:33:36 IST" name="launchApplication" finished-at="2023-09-28T14:33:42 IST" duration-ms="6136" status="PASS">
          <reporter-output>
          </reporter-output>
        </test-method> <!-- launchApplication -->
        <test-method signature="LoginErrorValidation()[pri:0, instance:Hybrid_Framework.Tests.ErrorValidationTest@38aa816f]" started-at="2023-09-28T14:33:42 IST" name="LoginErrorValidation" finished-at="2023-09-28T14:33:42 IST" duration-ms="773" status="FAIL">
          <exception class="java.lang.AssertionError">
            <message>
              <![CDATA[expected [Incorrect email or password.] but found [Incorrect ema or password.]]]>
            </message>
            <full-stacktrace>
              <![CDATA[java.lang.AssertionError: expected [Incorrect email or password.] but found [Incorrect ema or password.]
at org.testng.Assert.fail(Assert.java:99)
at org.testng.Assert.failNotEquals(Assert.java:1037)
at org.testng.Assert.assertEqualsImpl(Assert.java:140)
at org.testng.Assert.assertEquals(Assert.java:122)
at org.testng.Assert.assertEquals(Assert.java:629)
at org.testng.Assert.assertEquals(Assert.java:639)
at Hybrid_Framework.Tests.ErrorValidationTest.LoginErrorValidation(ErrorValidationTest.java:25)
at java.base/jdk.internal.reflect.NativeMethodAccessorImpl.invoke0(Native Method)
at java.base/jdk.internal.reflect.NativeMethodAccessorImpl.invoke(NativeMethodAccessorImpl.java:77)
at java.base/jdk.internal.reflect.DelegatingMethodAccessorImpl.invoke(DelegatingMethodAccessorImpl.java:43)
at java.base/java.lang.reflect.Method.invoke(Method.java:568)
at org.testng.internal.MethodInvocationHelper.invokeMethod(MethodInvocationHelper.java:133)
at org.testng.internal.TestInvoker.invokeMethod(TestInvoker.java:598)
at org.testng.internal.TestInvoker.retryFailed(TestInvoker.java:213)
at org.testng.internal.MethodRunner.runInSequence(MethodRunner.java:58)
at org.testng.internal.TestInvoker$MethodInvocationAgent.invoke(TestInvoker.java:824)
at org.testng.internal.TestInvoker.invokeTestMethods(TestInvoker.java:146)
at org.testng.internal.TestMethodWorker.invokeTestMethods(TestMethodWorker.java:146)
at org.testng.internal.TestMethodWorker.run(TestMethodWorker.java:128)
at java.base/java.util.ArrayList.forEach(ArrayList.java:1511)
at org.testng.TestRunner.privateRun(TestRunner.java:794)
at org.testng.TestRunner.run(TestRunner.java:596)
at org.testng.SuiteRunner.runTest(SuiteRunner.java:377)
at org.testng.SuiteRunner.access$000(SuiteRunner.java:28)
at org.testng.SuiteRunner$SuiteWorker.run(SuiteRunner.java:418)
at org.testng.internal.thread.ThreadUtil.lambda$execute$0(ThreadUtil.java:64)
at java.base/java.util.concurrent.FutureTask.run(FutureTask.java:264)
at java.base/java.util.concurrent.ThreadPoolExecutor.runWorker(ThreadPoolExecutor.java:1136)
at java.base/java.util.concurrent.ThreadPoolExecutor$Worker.run(ThreadPoolExecutor.java:635)
at java.base/java.lang.Thread.run(Thread.java:833)
]]>
            </full-stacktrace>
          </exception> <!-- java.lang.AssertionError -->
          <reporter-output>
          </reporter-output>
        </test-method> <!-- LoginErrorValidation -->
        <test-method is-config="true" signature="tearDown()[pri:0, instance:Hybrid_Framework.Tests.ErrorValidationTest@38aa816f]" started-at="2023-09-28T14:33:43 IST" name="tearDown" finished-at="2023-09-28T14:33:43 IST" duration-ms="105" status="PASS">
          <reporter-output>
          </reporter-output>
        </test-method> <!-- tearDown -->
        <test-method is-config="true" signature="launchApplication()[pri:0, instance:Hybrid_Framework.Tests.ErrorValidationTest@38aa816f]" started-at="2023-09-28T14:33:43 IST" name="launchApplication" finished-at="2023-09-28T14:33:46 IST" duration-ms="3195" status="PASS">
          <reporter-output>
          </reporter-output>
        </test-method> <!-- launchApplication -->
        <test-method signature="ProductErrorValidation()[pri:0, instance:Hybrid_Framework.Tests.ErrorValidationTest@38aa816f]" started-at="2023-09-28T14:33:46 IST" name="ProductErrorValidation" finished-at="2023-09-28T14:33:49 IST" duration-ms="3033" status="PASS">
          <reporter-output>
          </reporter-output>
        </test-method> <!-- ProductErrorValidation -->
        <test-method is-config="true" signature="tearDown()[pri:0, instance:Hybrid_Framework.Tests.ErrorValidationTest@38aa816f]" started-at="2023-09-28T14:33:49 IST" name="tearDown" finished-at="2023-09-28T14:33:49 IST" duration-ms="58" status="PASS">
          <reporter-output>
          </reporter-output>
        </test-method> <!-- tearDown -->
      </class> <!-- Hybrid_Framework.Tests.ErrorValidationTest -->
    </test> <!-- Error Validations Test -->
    <test started-at="2023-09-28T14:33:23 IST" name="Submit Order Test" finished-at="2023-09-28T14:33:53 IST" duration-ms="29819">
      <class name="Hybrid_Framework.Tests.StandaloneTest2">
        <test-method is-config="true" signature="launchApplication()[pri:0, instance:Hybrid_Framework.Tests.StandaloneTest2@67d18ed7]" started-at="2023-09-28T14:33:23 IST" name="launchApplication" finished-at="2023-09-28T14:33:33 IST" duration-ms="9959" status="PASS">
          <reporter-output>
          </reporter-output>
        </test-method> <!-- launchApplication -->
        <test-method signature="submitOrderTestCase(java.util.HashMap)[pri:0, instance:Hybrid_Framework.Tests.StandaloneTest2@67d18ed7]" started-at="2023-09-28T14:33:33 IST" name="submitOrderTestCase" data-provider="getData" finished-at="2023-09-28T14:33:39 IST" duration-ms="5894" status="PASS">
          <params>
            <param index="0">
              <value>
                <![CDATA[{password=Mahesh@123, product=ZARA COAT 3, email=bvvmahesh@gmail.com}]]>
              </value>
            </param>
          </params>
          <reporter-output>
          </reporter-output>
        </test-method> <!-- submitOrderTestCase -->
        <test-method is-config="true" signature="tearDown()[pri:0, instance:Hybrid_Framework.Tests.StandaloneTest2@67d18ed7]" started-at="2023-09-28T14:33:39 IST" name="tearDown" finished-at="2023-09-28T14:33:40 IST" duration-ms="510" status="PASS">
          <reporter-output>
          </reporter-output>
        </test-method> <!-- tearDown -->
        <test-method is-config="true" signature="launchApplication()[pri:0, instance:Hybrid_Framework.Tests.StandaloneTest2@67d18ed7]" started-at="2023-09-28T14:33:40 IST" name="launchApplication" finished-at="2023-09-28T14:33:45 IST" duration-ms="4864" status="PASS">
          <reporter-output>
          </reporter-output>
        </test-method> <!-- launchApplication -->
        <test-method signature="submitOrderTestCase(java.util.HashMap)[pri:0, instance:Hybrid_Framework.Tests.StandaloneTest2@67d18ed7]" started-at="2023-09-28T14:33:45 IST" name="submitOrderTestCase" data-provider="getData" finished-at="2023-09-28T14:33:49 IST" duration-ms="4070" status="PASS">
          <params>
            <param index="0">
              <value>
                <![CDATA[{password=Mahesh@123, product=ADIDAS ORIGINAL, email=mahesh24@gmail.com}]]>
              </value>
            </param>
          </params>
          <reporter-output>
          </reporter-output>
        </test-method> <!-- submitOrderTestCase -->
        <test-method is-config="true" signature="tearDown()[pri:0, instance:Hybrid_Framework.Tests.StandaloneTest2@67d18ed7]" started-at="2023-09-28T14:33:49 IST" name="tearDown" finished-at="2023-09-28T14:33:49 IST" duration-ms="86" status="PASS">
          <reporter-output>
          </reporter-output>
        </test-method> <!-- tearDown -->
        <test-method is-config="true" signature="launchApplication()[pri:0, instance:Hybrid_Framework.Tests.StandaloneTest2@67d18ed7]" started-at="2023-09-28T14:33:49 IST" name="launchApplication" finished-at="2023-09-28T14:33:52 IST" duration-ms="3065" status="PASS">
          <reporter-output>
          </reporter-output>
        </test-method> <!-- launchApplication -->
        <test-method signature="orderHistoryTest()[pri:0, instance:Hybrid_Framework.Tests.StandaloneTest2@67d18ed7]" started-at="2023-09-28T14:33:52 IST" name="orderHistoryTest" finished-at="2023-09-28T14:33:53 IST" depends-on-methods="Hybrid_Framework.Tests.StandaloneTest2.submitOrderTestCase" duration-ms="672" status="PASS">
          <reporter-output>
          </reporter-output>
        </test-method> <!-- orderHistoryTest -->
        <test-method is-config="true" signature="tearDown()[pri:0, instance:Hybrid_Framework.Tests.StandaloneTest2@67d18ed7]" started-at="2023-09-28T14:33:53 IST" name="tearDown" finished-at="2023-09-28T14:33:53 IST" duration-ms="56" status="PASS">
          <reporter-output>
          </reporter-output>
        </test-method> <!-- tearDown -->
      </class> <!-- Hybrid_Framework.Tests.StandaloneTest2 -->
    </test> <!-- Submit Order Test -->
  </suite> <!-- Suite -->
</testng-results>
